\BOOKMARK [1][-]{section.1}{Introduction}{}% 1
\BOOKMARK [2][-]{subsection.1.1}{Clustered Regularly Interspaced Short Palindromic Repeats \(CRISPR\)}{section.1}% 2
\BOOKMARK [2][-]{subsection.1.2}{Genome engineering}{section.1}% 3
\BOOKMARK [2][-]{subsection.1.3}{Type II CRISPR-Cas system}{section.1}% 4
\BOOKMARK [2][-]{subsection.1.4}{Cas9 Variants}{section.1}% 5
\BOOKMARK [2][-]{subsection.1.5}{Project aim}{section.1}% 6
\BOOKMARK [1][-]{section.2}{Materials and Methods}{}% 7
\BOOKMARK [2][-]{subsection.2.1}{Materials}{section.2}% 8
\BOOKMARK [2][-]{subsection.2.2}{Methods}{section.2}% 9
\BOOKMARK [3][-]{subsubsection.2.2.1}{Transformation}{subsection.2.2}% 10
\BOOKMARK [3][-]{subsubsection.2.2.2}{Purification of NLS-Cas9-His \046 2NLS-Cas9}{subsection.2.2}% 11
\BOOKMARK [3][-]{subsubsection.2.2.3}{Structural analysis}{subsection.2.2}% 12
\BOOKMARK [3][-]{subsubsection.2.2.4}{In vitro assays}{subsection.2.2}% 13
\BOOKMARK [3][-]{subsubsection.2.2.5}{In vivo assays}{subsection.2.2}% 14
\BOOKMARK [3][-]{subsubsection.2.2.6}{Mass Spectrometry}{subsection.2.2}% 15
\BOOKMARK [3][-]{subsubsection.2.2.7}{Agarose Gel Electrophoresis}{subsection.2.2}% 16
\BOOKMARK [3][-]{subsubsection.2.2.8}{SDS Polyacrylamide Gel Electrophoresis \(SDS-PAGE\)}{subsection.2.2}% 17
\BOOKMARK [3][-]{subsubsection.2.2.9}{Storage of proteins}{subsection.2.2}% 18
\BOOKMARK [1][-]{section.3}{Results}{}% 19
\BOOKMARK [2][-]{subsection.3.1}{Purification}{section.3}% 20
\BOOKMARK [2][-]{subsection.3.2}{Structural analysis}{section.3}% 21
\BOOKMARK [2][-]{subsection.3.3}{Functional analysis}{section.3}% 22
\BOOKMARK [1][-]{section.4}{Discussion}{}% 23
\BOOKMARK [2][-]{subsection.4.1}{Purification}{section.4}% 24
\BOOKMARK [2][-]{subsection.4.2}{Efficiency of Genome Editing}{section.4}% 25
\BOOKMARK [2][-]{subsection.4.3}{Limitations}{section.4}% 26
\BOOKMARK [1][-]{section.5}{Conclusion}{}% 27
