\BOOKMARK [1][-]{section*.1}{Introduction}{}% 1
\BOOKMARK [2][-]{section*.2}{Geneious}{section*.1}% 2
\BOOKMARK [2][-]{section*.3}{Why are we writing this protocol?}{section*.1}% 3
\BOOKMARK [2][-]{section*.4}{Mitochondrial genomes, our project}{section*.1}% 4
\BOOKMARK [1][-]{section*.5}{Summary of Steps}{}% 5
\BOOKMARK [1][-]{section.1}{Assembling sequences}{}% 6
\BOOKMARK [1][-]{section.2}{Blasting against Barcodes}{}% 7
\BOOKMARK [2][-]{subsection.2.1}{Case Studies}{section.2}% 8
\BOOKMARK [2][-]{subsection.2.2}{Keeping a datasheet}{section.2}% 9
\BOOKMARK [1][-]{section.3}{Editing supercontigs}{}% 10
\BOOKMARK [2][-]{subsection.3.1}{Case Studies}{section.3}% 11
\BOOKMARK [3][-]{subsubsection.3.1.1}{Editing mismatches}{subsection.3.1}% 12
\BOOKMARK [3][-]{subsubsection.3.1.2}{Editing long supercontigs}{subsection.3.1}% 13
\BOOKMARK [2][-]{subsection.3.2}{Circularising sequences}{section.3}% 14
\BOOKMARK [3][-]{subsubsection.3.2.1}{Using Python \(or any other programming language\). }{subsection.3.2}% 15
\BOOKMARK [3][-]{subsubsection.3.2.2}{Using search function in Geneious.}{subsection.3.2}% 16
\BOOKMARK [3][-]{subsubsection.3.2.3}{Making use of other information in Geneious.}{subsection.3.2}% 17
\BOOKMARK [2][-]{subsection.3.3}{Keeping a datasheet}{section.3}% 18
\BOOKMARK [1][-]{section.4}{Annotating genomes}{}% 19
\BOOKMARK [2][-]{subsection.4.1}{Finding a good reference mitochondria}{section.4}% 20
\BOOKMARK [2][-]{subsection.4.2}{Transferring Annotations}{section.4}% 21
\BOOKMARK [2][-]{subsection.4.3}{Edit Annotations}{section.4}% 22
\BOOKMARK [2][-]{subsection.4.4}{Case Studies}{section.4}% 23
\BOOKMARK [3][-]{subsubsection.4.4.1}{Missing Gene Annotations}{subsection.4.4}% 24
\BOOKMARK [3][-]{subsubsection.4.4.2}{Missing Start Codon}{subsection.4.4}% 25
\BOOKMARK [3][-]{subsubsection.4.4.3}{Missing Stop Codon}{subsection.4.4}% 26
\BOOKMARK [2][-]{subsection.4.5}{Removing Annotations}{section.4}% 27
\BOOKMARK [2][-]{subsection.4.6}{Keeping a datasheet}{section.4}% 28
\BOOKMARK [1][-]{section.5}{Adding tRNAs}{}% 29
\BOOKMARK [1][-]{section.6}{Submitting to GenBank}{}% 30
\BOOKMARK [2][-]{subsection.6.1}{Submitting using Geneious.}{section.6}% 31
\BOOKMARK [2][-]{subsection.6.2}{Submitting using tbl2asn.}{section.6}% 32
\BOOKMARK [3][-]{subsubsection.6.2.1}{Generating the template file.}{subsection.6.2}% 33
\BOOKMARK [3][-]{subsubsection.6.2.2}{Generating the fasta file.}{subsection.6.2}% 34
\BOOKMARK [3][-]{subsubsection.6.2.3}{Generating the feature table file.}{subsection.6.2}% 35
\BOOKMARK [3][-]{subsubsection.6.2.4}{Generating the .sqn file.}{subsection.6.2}% 36
\BOOKMARK [1][-]{section*.57}{Summary of Steps}{}% 37
